<?xml version="1.0" encoding="UTF-8"?>
<!-- Generated by org.testng.reporters.JUnitReportReporter -->
<testsuite hostname="LAPTOP-S9JVNPGK" failures="0" tests="1" name="testcases.validateincorrectdetails" time="13.687" errors="0" timestamp="2023-02-21T08:41:53 IST" skipped="0">
  <testcase classname="testcases.validateincorrectdetails" name="validateLoginIncorrectDetails" time="13.687"/>
  <system-out/>
</testsuite> <!-- testcases.validateincorrectdetails -->
