<?xml version="1.0" encoding="UTF-8"?>
<!-- Generated by org.testng.reporters.JUnitReportReporter -->
<testsuite hostname="LAPTOP-S9JVNPGK" failures="0" tests="1" name="testcases.PasswordChange" time="10.658" errors="0" timestamp="2023-02-21T08:41:53 IST" skipped="0">
  <testcase classname="testcases.PasswordChange" name="changePassword" time="10.658"/>
  <system-out/>
</testsuite> <!-- testcases.PasswordChange -->
