<?xml version="1.0" encoding="UTF-8"?>
<!-- Generated by org.testng.reporters.JUnitReportReporter -->
<testsuite hostname="LAPTOP-S9JVNPGK" failures="0" tests="1" name="testcases.LogoutFunctionality" time="17.511" errors="0" timestamp="2023-02-21T19:57:57 IST" skipped="0">
  <testcase classname="testcases.LogoutFunctionality" name="logout" time="17.511"/>
  <system-out/>
</testsuite> <!-- testcases.LogoutFunctionality -->
