<?xml version="1.0" encoding="UTF-8"?>
<!-- Generated by org.testng.reporters.JUnitReportReporter -->
<testsuite hostname="LAPTOP-S9JVNPGK" failures="0" tests="1" name="testcases.DirectoryVisibility" time="19.820" errors="0" timestamp="2023-02-21T08:41:53 IST" skipped="0">
  <testcase classname="testcases.DirectoryVisibility" name="directoryDetail" time="19.820"/>
  <system-out/>
</testsuite> <!-- testcases.DirectoryVisibility -->
