<?xml version="1.0" encoding="UTF-8"?>
<!-- Generated by org.testng.reporters.JUnitReportReporter -->
<testsuite hostname="LAPTOP-S9JVNPGK" failures="0" tests="1" name="testcases.SupportFunctionality" time="12.925" errors="0" timestamp="2023-02-21T08:41:53 IST" skipped="0">
  <testcase classname="testcases.SupportFunctionality" name="support" time="12.925"/>
  <system-out/>
</testsuite> <!-- testcases.SupportFunctionality -->
